#
# There is insufficient memory for the Java Runtime Environment to continue.
# Native memory allocation (malloc) failed to allocate 1048576 bytes for AllocateHeap
# Possible reasons:
#   The system is out of physical RAM or swap space
#   The process is running with CompressedOops enabled, and the Java Heap may be blocking the growth of the native heap
# Possible solutions:
#   Reduce memory load on the system
#   Increase physical memory or swap space
#   Check if swap backing store is full
#   Decrease Java heap size (-Xmx/-Xms)
#   Decrease number of Java threads
#   Decrease Java thread stack sizes (-Xss)
#   Set larger code cache with -XX:ReservedCodeCacheSize=
#   JVM is running with Zero Based Compressed Oops mode in which the Java heap is
#     placed in the first 32GB address space. The Java Heap base address is the
#     maximum limit for the native heap growth. Please use -XX:HeapBaseMinAddress
#     to set the Java Heap base and to place the Java Heap above 32GB virtual address.
# This output file may be truncated or incomplete.
#
#  Out of Memory Error (memory/allocation.inline.hpp:61), pid=15956, tid=0x0000000000000ae8
#
# JRE version:  (8.0_211-b12) (build )
# Java VM: Java HotSpot(TM) 64-Bit Server VM (25.211-b12 mixed mode windows-amd64 compressed oops)
# Failed to write core dump. Minidumps are not enabled by default on client versions of Windows
#

---------------  T H R E A D  ---------------

Current thread (0x0000000002d44800):  JavaThread "Unknown thread" [_thread_in_vm, id=2792, stack(0x0000000002a00000,0x0000000002b00000)]

Stack: [0x0000000002a00000,0x0000000002b00000]
[error occurred during error reporting (printing stack bounds), id 0xc0000005]

Native frames: (J=compiled Java code, j=interpreted, Vv=VM code, C=native code)


---------------  P R O C E S S  ---------------

Java Threads: ( => current thread )

Other Threads:

=>0x0000000002d44800 (exited) JavaThread "Unknown thread" [_thread_in_vm, id=2792, stack(0x0000000002a00000,0x0000000002b00000)]

VM state:not at safepoint (normal execution)

VM Mutex/Monitor currently owned by a thread: None

heap address: 0x00000006c0c00000, size: 4084 MB, Compressed Oops mode: Zero based, Oop shift amount: 3
Narrow klass base: 0x0000000000000000, Narrow klass shift: 3
Compressed class space size: 1073741824 Address: 0x00000007c0000000

Heap:
 PSYoungGen      total 76288K, used 1310K [0x000000076af00000, 0x0000000770400000, 0x00000007c0000000)
  eden space 65536K, 2% used [0x000000076af00000,0x000000076b047af0,0x000000076ef00000)
  from space 10752K, 0% used [0x000000076f980000,0x000000076f980000,0x0000000770400000)
  to   space 10752K, 0% used [0x000000076ef00000,0x000000076ef00000,0x000000076f980000)
 ParOldGen       total 175104K, used 0K [0x00000006c0c00000, 0x00000006cb700000, 0x000000076af00000)
  object space 175104K, 0% used [0x00000006c0c00000,0x00000006c0c00000,0x00000006cb700000)
 Metaspace       used 775K, capacity 4480K, committed 4480K, reserved 1056768K
  class space    used 76K, capacity 384K, committed 384K, reserved 1048576K

Card table byte_map: [0x0000000012200000,0x0000000012a00000] byte_map_base: 0x000000000ebfa000

Marking Bits: (ParMarkBitMap*) 0x0000000055685ce0
 Begin Bits: [0x0000000013c60000, 0x0000000017c30000)
 End Bits:   [0x0000000017c30000, 0x000000001bc00000)

Polling page: 0x00000000029e0000

CodeCache: size=245760Kb used=327Kb max_used=327Kb free=245432Kb
 bounds [0x0000000002e40000, 0x00000000030b0000, 0x0000000011e40000]
 total_blobs=57 nmethods=0 adapters=38
 compilation: enabled

Compilation events (0 events):
No events

GC Heap History (0 events):
No events

Deoptimization events (0 events):
No events

Classes redefined (0 events):
No events

Internal exceptions (0 events):
No events

Events (10 events):
Event: 0.029 loading class java/lang/Short
Event: 0.029 loading class java/lang/Short done
Event: 0.029 loading class java/lang/Integer
Event: 0.029 loading class java/lang/Integer done
Event: 0.029 loading class java/lang/Long
Event: 0.029 loading class java/lang/Long done
Event: 0.029 loading class java/lang/NullPointerException
Event: 0.029 loading class java/lang/NullPointerException done
Event: 0.029 loading class java/lang/ArithmeticException
Event: 0.029 loading class java/lang/ArithmeticException done


Dynamic libraries:
0x00007ff7c6170000 - 0x00007ff7c61a7000 	C:\Program Files\Java\jdk1.8.0_211\bin\java.exe
0x00007fff5e270000 - 0x00007fff5e465000 	C:\WINDOWS\SYSTEM32\ntdll.dll
0x00007fff5c340000 - 0x00007fff5c3fe000 	C:\WINDOWS\System32\KERNEL32.DLL
0x00007fff5bb90000 - 0x00007fff5be58000 	C:\WINDOWS\System32\KERNELBASE.dll
0x00007fff5c410000 - 0x00007fff5c4bc000 	C:\WINDOWS\System32\ADVAPI32.dll
0x00007fff5cd90000 - 0x00007fff5ce2e000 	C:\WINDOWS\System32\msvcrt.dll
0x00007fff5d680000 - 0x00007fff5d71b000 	C:\WINDOWS\System32\sechost.dll
0x00007fff5cff0000 - 0x00007fff5d11a000 	C:\WINDOWS\System32\RPCRT4.dll
0x00007fff5e070000 - 0x00007fff5e211000 	C:\WINDOWS\System32\USER32.dll
0x00007fff5c290000 - 0x00007fff5c2b2000 	C:\WINDOWS\System32\win32u.dll
0x00007fff5d5e0000 - 0x00007fff5d60b000 	C:\WINDOWS\System32\GDI32.dll
0x00007fff5b990000 - 0x00007fff5ba9b000 	C:\WINDOWS\System32\gdi32full.dll
0x00007fff5baf0000 - 0x00007fff5bb8d000 	C:\WINDOWS\System32\msvcp_win.dll
0x00007fff5c190000 - 0x00007fff5c290000 	C:\WINDOWS\System32\ucrtbase.dll
0x00007fff43cb0000 - 0x00007fff43f4a000 	C:\WINDOWS\WinSxS\amd64_microsoft.windows.common-controls_6595b64144ccf1df_6.0.19041.1110_none_60b5254171f9507e\COMCTL32.dll
0x00007fff5cfb0000 - 0x00007fff5cfe0000 	C:\WINDOWS\System32\IMM32.DLL
0x0000000055710000 - 0x00000000557e2000 	C:\Program Files\Java\jdk1.8.0_211\jre\bin\msvcr100.dll
0x0000000054e60000 - 0x0000000055705000 	C:\Program Files\Java\jdk1.8.0_211\jre\bin\server\jvm.dll
0x00007fff5e220000 - 0x00007fff5e228000 	C:\WINDOWS\System32\PSAPI.DLL
0x00007fff509a0000 - 0x00007fff509c7000 	C:\WINDOWS\SYSTEM32\WINMM.dll
0x00007fff57210000 - 0x00007fff5721a000 	C:\WINDOWS\SYSTEM32\VERSION.dll
0x00007fff43780000 - 0x00007fff43789000 	C:\WINDOWS\SYSTEM32\WSOCK32.dll
0x00007fff5d610000 - 0x00007fff5d67b000 	C:\WINDOWS\System32\WS2_32.dll
0x00007fff47900000 - 0x00007fff4790f000 	C:\Program Files\Java\jdk1.8.0_211\jre\bin\verify.dll
0x00007fff47800000 - 0x00007fff47829000 	C:\Program Files\Java\jdk1.8.0_211\jre\bin\java.dll
0x00007fff38610000 - 0x00007fff38633000 	C:\Program Files\Java\jdk1.8.0_211\jre\bin\instrument.dll
0x00007fff42c90000 - 0x00007fff42ca6000 	C:\Program Files\Java\jdk1.8.0_211\jre\bin\zip.dll

VM Arguments:
jvm_args: -javaagent:C:\Program Files\JetBrains\IntelliJ IDEA Community Edition 2021.2.3\lib\idea_rt.jar=51629:C:\Program Files\JetBrains\IntelliJ IDEA Community Edition 2021.2.3\bin -Dfile.encoding=UTF-8 
java_command: Main
java_class_path (initial): C:\Program Files\Java\jdk1.8.0_211\jre\lib\charsets.jar;C:\Program Files\Java\jdk1.8.0_211\jre\lib\deploy.jar;C:\Program Files\Java\jdk1.8.0_211\jre\lib\ext\access-bridge-64.jar;C:\Program Files\Java\jdk1.8.0_211\jre\lib\ext\cldrdata.jar;C:\Program Files\Java\jdk1.8.0_211\jre\lib\ext\dnsns.jar;C:\Program Files\Java\jdk1.8.0_211\jre\lib\ext\jaccess.jar;C:\Program Files\Java\jdk1.8.0_211\jre\lib\ext\jfxrt.jar;C:\Program Files\Java\jdk1.8.0_211\jre\lib\ext\localedata.jar;C:\Program Files\Java\jdk1.8.0_211\jre\lib\ext\nashorn.jar;C:\Program Files\Java\jdk1.8.0_211\jre\lib\ext\sunec.jar;C:\Program Files\Java\jdk1.8.0_211\jre\lib\ext\sunjce_provider.jar;C:\Program Files\Java\jdk1.8.0_211\jre\lib\ext\sunmscapi.jar;C:\Program Files\Java\jdk1.8.0_211\jre\lib\ext\sunpkcs11.jar;C:\Program Files\Java\jdk1.8.0_211\jre\lib\ext\zipfs.jar;C:\Program Files\Java\jdk1.8.0_211\jre\lib\javaws.jar;C:\Program Files\Java\jdk1.8.0_211\jre\lib\jce.jar;C:\Program Files\Java\jdk1.8.0_211\jre\lib\jfr.jar;C:\Program Files\Java\jdk1.8.0_211\jre\lib\jfxswt.jar;C:\Program Files\Java\jdk1.8.0_211\jre\lib\jsse.jar;C:\Program Files\Java\jdk1.8.0_211\jre\lib\management-agent.jar;C:\Program Files\Java\jdk1.8.0_211\jre\lib\plugin.jar;C:\Program Files\Java\jdk1.8.0_211\jre\lib\resources.jar;C:\Program Files\Java\jdk1.8.0_211\jre\lib\rt.jar;C:\Users\chan_\project0\BankingAPI\target\classes;C:\Users\chan_\.m2\repository\org\postgresql\postgresql\42.3.1\postgresql-42.3.1.jar;C:\Users\chan_\.m2\repository\org\checkerframework\checker-qual\3.5.0\checker-qual-3.5.0.jar;C:\Users\chan_\.m2\repository\io\javalin\javalin\4.1.1\javalin-4.1.1.jar;C:\Users\chan_\.m2\repository\org\eclipse\jetty\jetty-server\9.4.44.v20210927\jetty-server-9.4.44.v20210927.jar;C:\Users\chan_\.m2\repository\javax\servlet\javax.servlet-api\3.1.0\javax.servlet-api-3.1.0.jar;C:\Users\chan_\.m2\repository\org\eclipse\jetty\jetty-http\9.4.44.v20210927\jetty-http-9.4.44.v20210927.jar;C:\Users\chan_\.m2\repository\or
Launcher Type: SUN_STANDARD

Environment Variables:
JAVA_HOME=C:\Program Files\OpenJDK\openjdk-8u312-b07
CLASSPATH=.;
PATH=C:\WINDOWS\system32;C:\WINDOWS;C:\WINDOWS\System32\Wbem;C:\WINDOWS\System32\WindowsPowerShell\v1.0\;C:\WINDOWS\System32\OpenSSH\;C:\ProgramData\chocolatey\bin;C:\Program Files\Git\cmd;C:\Program Files\OpenJDK\openjdk-8u312-b07\bin;C:\Program Files\Java\jdk1.8.0_211\bin;C:\Program Files\Common Files\Oracle\Java\javapath;C:\WINDOWS\system32;C:\WINDOWS;C:\WINDOWS\System32\Wbem;C:\WINDOWS\System32\WindowsPowerShell\v1.0\;C:\WINDOWS\System32\OpenSSH\;C:\ProgramData\chocolatey\bin;C:\Program Files\Git\cmd;C:\Program Files\OpenJDK\openjdk-8u312-b07\bin;C:\Program Files\Java\jdk1.8.0_211\bin;C:\Program Files\Common Files\Oracle\Java\javapath;C:\Users\chan_\AppData\Local\Programs\Python\Python39\Scripts\;C:\Users\chan_\AppData\Local\Programs\Python\Python39\;C:\Users\chan_\AppData\Local\Microsoft\WindowsApps;C:\Users\chan_\AppData\Local\Programs\Microsoft VS Code\bin;C:\Program Files (x86)\GitHub CLI\;c:\tools\Selenium
USERNAME=chan_
OS=Windows_NT
PROCESSOR_IDENTIFIER=AMD64 Family 23 Model 1 Stepping 1, AuthenticAMD



---------------  S Y S T E M  ---------------

OS: Windows 10.0 , 64 bit Build 19041 (10.0.19041.1348)

CPU:total 16 (initial active 16) (16 cores per cpu, 1 threads per core) family 23 model 1 stepping 1, cmov, cx8, fxsr, mmx, sse, sse2, sse3, ssse3, sse4.1, sse4.2, popcnt, avx, avx2, aes, clmul, mmxext, 3dnowpref, lzcnt, sse4a, tsc, tscinvbit, tscinv, bmi1

Memory: 4k page, physical 16721396k(589516k free), swap 32081396k(5232k free)

vm_info: Java HotSpot(TM) 64-Bit Server VM (25.211-b12) for windows-amd64 JRE (1.8.0_211-b12), built on Apr  1 2019 20:53:26 by "java_re" with MS VC++ 10.0 (VS2010)

time: Wed Nov 24 20:22:45 2021
timezone: Central Standard Time
elapsed time: 0 seconds (0d 0h 0m 0s)

